20:55:32.076 request:
1 > GET https://reqres.in/api/users/2
1 > Accept-Encoding: gzip,deflate
1 > Connection: Keep-Alive
1 > Host: reqres.in
1 > User-Agent: Apache-HttpClient/4.5.12 (Java/1.8.0_333)

20:55:32.923 response time in milliseconds: 844,27
1 < 200
1 < Access-Control-Allow-Origin: *
1 < CF-Cache-Status: REVALIDATED
1 < CF-RAY: 738d597a9f648db8-MIA
1 < Cache-Control: max-age=14400
1 < Connection: keep-alive
1 < Content-Type: application/json; charset=utf-8
1 < Date: Thu, 11 Aug 2022 01:55:31 GMT
1 < Etag: W/"118-pbdwwFo9SKNhD3Lx5iHJyngpq00"
1 < Expect-CT: max-age=604800, report-uri="https://report-uri.cloudflare.com/cdn-cgi/beacon/expect-ct"
1 < NEL: {"success_fraction":0,"report_to":"cf-nel","max_age":604800}
1 < Report-To: {"endpoints":[{"url":"https:\/\/a.nel.cloudflare.com\/report\/v3?s=pvLbY6WWroWtAdLlOUwHtGjDVae1bpkWzP4xWDJiQ%2B32PQ3bfJkxv031WKZMIw3MlVQJx%2F4dAJRercESGOtagU6mbzPBrYLcZjPuFlRUXrXhPvGmtsqCbFW%2F%2BA%3D%3D"}],"group":"cf-nel","max_age":604800}
1 < Server: cloudflare
1 < Transfer-Encoding: chunked
1 < Vary: Accept-Encoding
1 < Via: 1.1 vegur
1 < X-Powered-By: Express
{"data":{"id":2,"email":"janet.weaver@reqres.in","first_name":"Janet","last_name":"Weaver","avatar":"https://reqres.in/img/faces/2-image.jpg"},"support":{"url":"https://reqres.in/#support-heading","text":"To keep ReqRes free, contributions towards server costs are appreciated!"}}

ated!"}}

